ERROR -- 2015-11-22 00:50:29 --> 检测登录状态: cookieValue无法解析反转
ERROR -- 2015-11-22 02:43:34 --> 检测登录状态: cookieValue无法解析反转
ERROR -- 2015-11-22 05:32:29 --> 检测登录状态: cookieValue无法解析反转
ERROR -- 2015-11-22 21:02:59 --> 检测登录状态: cookieValue无法解析反转
ERROR -- 2015-11-22 21:02:59 --> 检测登录状态: cookieValue无法解析反转
ERROR -- 2015-11-22 21:03:12 --> 检测登录状态: cookieValue无法解析反转
INFO -- 2015-11-22 21:03:12 --> 当前登录帐号：13000010001 帐号ID:1 cookieKey:34d64eb143ae63f1973a cookieValue:1e74BAhRAQMHBAcEAQYDDFVVVgJUDgABUwBTV15VFQlWBwYECFABAwcFGwUdQVsBETU3LChdAgQa
ERROR -- 2015-11-22 21:06:25 --> 检测登录状态: cookieValue无法解析反转
ERROR -- 2015-11-22 21:06:35 --> 检测登录状态: cookieValue无法解析反转
INFO -- 2015-11-22 21:06:35 --> 当前登录帐号：18900010001 帐号ID:9 cookieKey:e558d7b94f56e7a80b32 cookieValue:e6c0AwhUBQkCVAYGVVUFAlAGB1ZWBwAKVQBQVABbHgZdDQADCFUFCQJVGgRJBwwPN2U5BndWYmEU
ERROR -- 2015-11-22 21:06:46 --> 检测登录状态: cookieValue无法解析反转
ERROR -- 2015-11-22 21:06:48 --> 检测登录状态: cookieValue无法解析反转
INFO -- 2015-11-22 21:06:48 --> 当前登录帐号：13000010001 帐号ID:1 cookieKey:42cc2994178907aee0df cookieValue:c1ccU1FVAgEFAFUDCVwJUlpQDwNQDVZQW1cDBVcJSgAHVQdTUVQCAQUBSQIVFURXCgJpYGZcHjUH
ERROR -- 2015-11-22 21:07:59 --> 检测登录状态: cookieValue无法解析反转
ERROR -- 2015-11-22 21:08:10 --> 检测登录状态: cookieValue无法解析反转
INFO -- 2015-11-22 21:08:10 --> 当前登录帐号：18900010001 帐号ID:9 cookieKey:3c3672d95bba92a34a9c cookieValue:3042AwVWBgJUA1JSBQFdVQFQVAIFCVlVWlQHUgcASVUPClYDBVcGAlQCTlAZUFURRhMyI1JiEVs0
ERROR -- 2015-11-22 21:24:34 --> 检测登录状态: cookieValue无法解析反转
ERROR -- 2015-11-22 21:39:29 --> 检测登录状态: cookieValue无法解析反转
ERROR -- 2015-11-22 21:39:39 --> 检测登录状态: cookieValue无法解析反转
INFO -- 2015-11-22 21:39:39 --> 当前登录帐号：13000010001 帐号ID:1 cookieKey:b2d31b17119cf5f39bdd cookieValue:f4cdUQIGAAdSVAEEAQ8KAlwBAlYOAAVZVQddVVIETVMKUlJRAgcAB1JVHQUdd09hHVZXYXZ/XF1p
ERROR -- 2015-11-22 21:42:36 --> 检测登录状态: cookieValue无法解析反转
ERROR -- 2015-11-22 21:42:36 --> 检测登录状态: cookieValue无法解析反转
ERROR -- 2015-11-22 23:24:07 --> 检测登录状态: cookieValue无法解析反转
