ERROR -- 2015-11-23 02:20:11 --> 检测登录状态: cookieValue无法解析反转
ERROR -- 2015-11-23 10:42:19 --> 检测登录状态: cookieValue无法解析反转
ERROR -- 2015-11-23 10:42:38 --> 检测登录状态: cookieValue无法解析反转
INFO -- 2015-11-23 10:42:38 --> 当前登录帐号：13000010001 帐号ID:1 cookieKey:4d75f4cef4f74f218a32 cookieValue:4786UwVTBQYGCQMFVAVWUwNSAAgKUlZYAVVdUwBSHVdXAARTBVIFBgYIHwRIUVV9URUjdU1AECYD
ERROR -- 2015-11-23 15:41:57 --> 检测登录状态: cookieValue无法解析反转
ERROR -- 2015-11-23 15:42:44 --> 检测登录状态: cookieValue无法解析反转
INFO -- 2015-11-23 15:42:44 --> 当前登录帐号：13000010001 帐号ID:1 cookieKey:cabe7c81d076b617868f cookieValue:b32eUVUJB1YIUglWVVFbBVYCAQJdBAMLBQADBgIGGAMCCFVRVQgHVghTFVdJF2ttGCBgZEAjAmxH
ERROR -- 2015-11-23 17:10:31 --> 检测登录状态: cookieValue无法解析反转
ERROR -- 2015-11-23 17:10:31 --> 检测登录状态: cookieValue无法解析反转
ERROR -- 2015-11-23 17:10:37 --> 检测登录状态: cookieValue无法解析反转
ERROR -- 2015-11-23 17:10:40 --> 检测登录状态: cookieValue无法解析反转
ERROR -- 2015-11-23 17:10:41 --> 检测登录状态: cookieValue无法解析反转
ERROR -- 2015-11-23 17:10:41 --> 检测登录状态: cookieValue无法解析反转
ERROR -- 2015-11-23 17:10:41 --> 检测登录状态: cookieValue无法解析反转
ERROR -- 2015-11-23 17:10:41 --> 检测登录状态: cookieValue无法解析反转
ERROR -- 2015-11-23 17:10:43 --> 检测登录状态: cookieValue无法解析反转
ERROR -- 2015-11-23 17:10:43 --> 检测登录状态: cookieValue无法解析反转
ERROR -- 2015-11-23 17:10:43 --> 检测登录状态: cookieValue无法解析反转
ERROR -- 2015-11-23 17:10:55 --> 检测登录状态: cookieValue无法解析反转
INFO -- 2015-11-23 17:10:55 --> 当前登录帐号：13000010001 帐号ID:1 cookieKey:7eb8710b1251af966e33 cookieValue:6f5dAVZUB1FVCAgJVVpQVFRTA1UOD1MBAQNTU1dQTgVWBlEBVlUHUVUJFAhJaCopDRFyIlN6AXtX
ERROR -- 2015-11-23 17:11:28 --> 检测登录状态: cookieValue无法解析反转
ERROR -- 2015-11-23 17:11:36 --> 检测登录状态: cookieValue无法解析反转
INFO -- 2015-11-23 17:11:36 --> 当前登录帐号：18900010001 帐号ID:9 cookieKey:8438449f9a4a41618626 cookieValue:f980CAhVUVYJBFUFUwQEVQFSBwReV1IAXgAOUwcPGVdcDQMICFRRVgkFSQdPaCIwXwFRUnNTdnVP
ERROR -- 2015-11-23 17:11:59 --> 检测登录状态: cookieValue无法解析反转
ERROR -- 2015-11-23 17:12:10 --> 检测登录状态: cookieValue无法解析反转
INFO -- 2015-11-23 17:12:10 --> 当前登录帐号：13000010001 帐号ID:1 cookieKey:9219241fc15ca958fca2 cookieValue:781aBAdVUwUEVQRVAQwCUQUBAwBTUwQOWlMAUVgGTQkFBFQEB1RTBQRUGFQdfXtPWxF8KA18Zk19
ERROR -- 2015-11-23 17:44:22 --> 检测登录状态: cookieValue无法解析反转
ERROR -- 2015-11-23 20:40:29 --> 检测登录状态: cookieValue无法解析反转
ERROR -- 2015-11-23 22:16:36 --> 检测登录状态: cookieValue无法解析反转
ERROR -- 2015-11-23 22:16:36 --> 检测登录状态: cookieValue无法解析反转
ERROR -- 2015-11-23 22:16:37 --> 检测登录状态: cookieValue无法解析反转
INFO -- 2015-11-23 22:16:37 --> 当前登录帐号：13000010001 帐号ID:1 cookieKey:b40ec07ea283f5204035 cookieValue:6a9fCFFUBgIIUlQJVQZWA1oIVAtRU1tQD1YIU1QGGgBVCFUIUVUGAghTSAhJZAByVGEATWJwNR5W
ERROR -- 2015-11-23 22:16:55 --> 检测登录状态: cookieValue无法解析反转
ERROR -- 2015-11-23 22:16:55 --> 检测登录状态: cookieValue无法解析反转
ERROR -- 2015-11-23 23:43:04 --> 检测登录状态: cookieValue无法解析反转
ERROR -- 2015-11-23 23:58:31 --> 检测登录状态: cookieValue无法解析反转
