ERROR -- 2015-11-24 02:27:57 --> 检测登录状态: cookieValue无法解析反转
ERROR -- 2015-11-24 05:24:37 --> 检测登录状态: cookieValue无法解析反转
ERROR -- 2015-11-24 16:38:16 --> 检测登录状态: cookieValue无法解析反转
ERROR -- 2015-11-24 16:38:26 --> 检测登录状态: cookieValue无法解析反转
INFO -- 2015-11-24 16:38:26 --> 当前登录帐号：13000010001 帐号ID:1 cookieKey:21f4aaa8f708561ac2ad cookieValue:0b0aBAgFAQBSAQgAVVUFAAJSB1UIUw4HBlEEDAMEHVICUlUECAQBAFIAFAFJIBZBMmYVdgs7Whx5
ERROR -- 2015-11-24 16:55:26 --> 检测登录状态: cookieValue无法解析反转
ERROR -- 2015-11-24 16:55:41 --> 检测登录状态: cookieValue无法解析反转
ERROR -- 2015-11-24 16:55:41 --> 检测登录状态: cookieValue无法解析反转
ERROR -- 2015-11-24 16:56:00 --> 检测登录状态: cookieValue无法解析反转
INFO -- 2015-11-24 16:56:00 --> 当前登录帐号：13000010001 帐号ID:1 cookieKey:1256325900cc3f89a575 cookieValue:5642AwAHAggDBFVUVAcLDl9SD1dUBVcCA1MGV1cGTwZXVVQDAAYCCAMFSVVIZVN6eiVrRFRDeVgA
ERROR -- 2015-11-24 16:58:47 --> 检测登录状态: cookieValue无法解析反转
ERROR -- 2015-11-24 17:23:24 --> 检测登录状态: cookieValue无法解析反转
ERROR -- 2015-11-24 17:23:25 --> 检测登录状态: cookieValue无法解析反转
ERROR -- 2015-11-24 17:23:45 --> 检测登录状态: cookieValue无法解析反转
INFO -- 2015-11-24 17:23:45 --> 当前登录帐号：13000010001 帐号ID:1 cookieKey:f3d3ce9e90c57f65c63f cookieValue:8e87CFEHVQEFUlFUVAsBCAZQXVZQUgNUAgBSBA0HSQECUwkIUQZVAQVTTVVIDXlTXFZUEg0JB31c
ERROR -- 2015-11-24 17:28:59 --> 检测登录状态: cookieValue无法解析反转
ERROR -- 2015-11-24 17:28:59 --> 检测登录状态: cookieValue无法解析反转
ERROR -- 2015-11-24 17:29:11 --> 检测登录状态: cookieValue无法解析反转
INFO -- 2015-11-24 17:29:11 --> 当前登录帐号：13000010001 帐号ID:1 cookieKey:1ea8a291d5e8a22357a2 cookieValue:9471UgAHUQMIUgMCBA9VUgJfAAABXVtUVwtRUQQJSgZRBFFSAAZRAwhTHwMYenQyYXdsRiQMF1QM
ERROR -- 2015-11-24 20:48:23 --> 检测登录状态: cookieValue无法解析反转
ERROR -- 2015-11-24 23:48:32 --> 检测登录状态: cookieValue无法解析反转
