ERROR -- 2015-11-19 10:56:04 --> 检测登录状态: cookieValue无法解析反转
ERROR -- 2015-11-19 10:56:25 --> 检测登录状态: cookieValue无法解析反转
ERROR -- 2015-11-19 10:56:40 --> 检测登录状态: cookieValue无法解析反转
ERROR -- 2015-11-19 10:57:26 --> 检测登录状态: cookieValue无法解析反转
ERROR -- 2015-11-19 10:58:21 --> 检测登录状态: cookieValue无法解析反转
ERROR -- 2015-11-19 11:00:25 --> 检测登录状态: cookieValue无法解析反转
ERROR -- 2015-11-19 11:00:35 --> 检测登录状态: cookieValue无法解析反转
INFO -- 2015-11-19 11:00:35 --> 当前登录帐号：13000010001 帐号ID:1 cookieKey:e0c049cf7a3bbe9ff197 cookieValue:7f66BFJRVQIJCQkFAAZUAwZVV1ILAVoGUAcLVwoCTVcLA1MEUlBVAgkIFQQcMz4RFzNFCV0IWwJL
ERROR -- 2015-11-19 11:02:06 --> 检测登录状态: cookieValue无法解析反转
ERROR -- 2015-11-19 11:02:17 --> 检测登录状态: cookieValue无法解析反转
INFO -- 2015-11-19 11:02:18 --> 当前登录帐号：13000010001 帐号ID:1 cookieKey:ef5bfcf0e6286f332193 cookieValue:ce37CVUHAVEGCAkDVgdaAVIOVlRSAQEFBFMEUQEDHQIHCAEJVQYBUQYJFQJKQWpZAwUrKCwBUw0I
ERROR -- 2015-11-19 13:26:30 --> 检测登录状态: cookieValue无法解析反转
ERROR -- 2015-11-19 13:26:30 --> 检测登录状态: cookieValue无法解析反转
ERROR -- 2015-11-19 13:26:32 --> 检测登录状态: cookieValue无法解析反转
ERROR -- 2015-11-19 13:26:45 --> 检测登录状态: cookieValue无法解析反转
INFO -- 2015-11-19 13:26:46 --> 当前登录帐号：13000010001 帐号ID:1 cookieKey:e3b6fe83c1b1eb47805c cookieValue:2fe2VgQBUVUCCAEJBF5VBlYFXltXVlpSUQ0CVFJUSQZXCABWBABRVQIJHQgYCwUGc1FVcwIDNGIH
ERROR -- 2015-11-19 13:29:06 --> 检测登录状态: cookieValue无法解析反转
ERROR -- 2015-11-19 13:29:06 --> 检测登录状态: cookieValue无法解析反转
ERROR -- 2015-11-19 13:29:18 --> 检测登录状态: cookieValue无法解析反转
INFO -- 2015-11-19 13:29:18 --> 当前登录帐号：13000010001 帐号ID:1 cookieKey:28cfc3375c32c70bd088 cookieValue:e54fVQICBlNTAwUGBwIKW1FUBFReUAJaWwUEV1tQGlcBAwdVAgMGU1MCGQcbQF1sR1tTRlZoNyxb
ERROR -- 2015-11-19 13:30:20 --> 检测登录状态: cookieValue无法解析反转
ERROR -- 2015-11-19 21:27:57 --> 检测登录状态: cookieValue无法解析反转
ERROR -- 2015-11-19 21:27:57 --> 检测登录状态: cookieValue无法解析反转
ERROR -- 2015-11-19 21:28:17 --> 检测登录状态: cookieValue无法解析反转
INFO -- 2015-11-19 21:28:17 --> 当前登录帐号：13000010001 帐号ID:1 cookieKey:494e1932e72455c99b70 cookieValue:2a40A1NSUwNWVgUIVFJRClEHBgJWWVxWBQkAAVgDHAgEBVIDU1NTA1ZXGQlIWyp6UTRUe2EPQgoP
ERROR -- 2015-11-19 23:06:05 --> 检测登录状态: cookieValue无法解析反转
